<?xml version="1.0" encoding="UTF-8"?>
<testsuite xmlns:xsi="http://www.w3.org/2001/XMLSchema-instance" xsi:noNamespaceSchemaLocation="https://maven.apache.org/surefire/maven-surefire-plugin/xsd/surefire-test-report-3.0.xsd" version="3.0" name="TestSuite" time="122.146" tests="8" errors="0" skipped="0" failures="0">
  <properties>
    <property name="awt.toolkit" value="sun.awt.X11.XToolkit"/>
    <property name="java.specification.version" value="11"/>
    <property name="sun.cpu.isalist" value=""/>
    <property name="sun.jnu.encoding" value="UTF-8"/>
    <property name="java.class.path" value="/home/neonnex/dev/kuliah/sem6/mk/kpl/selenium/dicoding2-trueAll/target/test-classes:/home/neonnex/dev/kuliah/sem6/mk/kpl/selenium/dicoding2-trueAll/target/classes:/home/neonnex/.m2/repository/org/seleniumhq/selenium/selenium-java/4.10.0/selenium-java-4.10.0.jar:/home/neonnex/.m2/repository/org/seleniumhq/selenium/selenium-api/4.10.0/selenium-api-4.10.0.jar:/home/neonnex/.m2/repository/org/seleniumhq/selenium/selenium-chrome-driver/4.10.0/selenium-chrome-driver-4.10.0.jar:/home/neonnex/.m2/repository/com/google/auto/service/auto-service-annotations/1.0.1/auto-service-annotations-1.0.1.jar:/home/neonnex/.m2/repository/com/google/auto/service/auto-service/1.0.1/auto-service-1.0.1.jar:/home/neonnex/.m2/repository/com/google/auto/auto-common/1.2/auto-common-1.2.jar:/home/neonnex/.m2/repository/com/google/guava/guava/31.1-jre/guava-31.1-jre.jar:/home/neonnex/.m2/repository/com/google/guava/failureaccess/1.0.1/failureaccess-1.0.1.jar:/home/neonnex/.m2/repository/com/google/guava/listenablefuture/9999.0-empty-to-avoid-conflict-with-guava/listenablefuture-9999.0-empty-to-avoid-conflict-with-guava.jar:/home/neonnex/.m2/repository/com/google/code/findbugs/jsr305/3.0.2/jsr305-3.0.2.jar:/home/neonnex/.m2/repository/org/checkerframework/checker-qual/3.12.0/checker-qual-3.12.0.jar:/home/neonnex/.m2/repository/com/google/errorprone/error_prone_annotations/2.11.0/error_prone_annotations-2.11.0.jar:/home/neonnex/.m2/repository/com/google/j2objc/j2objc-annotations/1.3/j2objc-annotations-1.3.jar:/home/neonnex/.m2/repository/org/seleniumhq/selenium/selenium-chromium-driver/4.10.0/selenium-chromium-driver-4.10.0.jar:/home/neonnex/.m2/repository/org/seleniumhq/selenium/selenium-json/4.10.0/selenium-json-4.10.0.jar:/home/neonnex/.m2/repository/org/seleniumhq/selenium/selenium-manager/4.10.0/selenium-manager-4.10.0.jar:/home/neonnex/.m2/repository/org/seleniumhq/selenium/selenium-devtools-v112/4.10.0/selenium-devtools-v112-4.10.0.jar:/home/neonnex/.m2/repository/org/seleniumhq/selenium/selenium-devtools-v113/4.10.0/selenium-devtools-v113-4.10.0.jar:/home/neonnex/.m2/repository/org/seleniumhq/selenium/selenium-devtools-v114/4.10.0/selenium-devtools-v114-4.10.0.jar:/home/neonnex/.m2/repository/org/seleniumhq/selenium/selenium-devtools-v85/4.10.0/selenium-devtools-v85-4.10.0.jar:/home/neonnex/.m2/repository/org/seleniumhq/selenium/selenium-edge-driver/4.10.0/selenium-edge-driver-4.10.0.jar:/home/neonnex/.m2/repository/org/seleniumhq/selenium/selenium-firefox-driver/4.10.0/selenium-firefox-driver-4.10.0.jar:/home/neonnex/.m2/repository/org/seleniumhq/selenium/selenium-http/4.10.0/selenium-http-4.10.0.jar:/home/neonnex/.m2/repository/dev/failsafe/failsafe/3.3.1/failsafe-3.3.1.jar:/home/neonnex/.m2/repository/org/seleniumhq/selenium/selenium-ie-driver/4.10.0/selenium-ie-driver-4.10.0.jar:/home/neonnex/.m2/repository/org/seleniumhq/selenium/selenium-remote-driver/4.10.0/selenium-remote-driver-4.10.0.jar:/home/neonnex/.m2/repository/io/netty/netty-buffer/4.1.92.Final/netty-buffer-4.1.92.Final.jar:/home/neonnex/.m2/repository/io/netty/netty-codec-http/4.1.92.Final/netty-codec-http-4.1.92.Final.jar:/home/neonnex/.m2/repository/io/netty/netty-codec/4.1.92.Final/netty-codec-4.1.92.Final.jar:/home/neonnex/.m2/repository/io/netty/netty-handler/4.1.92.Final/netty-handler-4.1.92.Final.jar:/home/neonnex/.m2/repository/io/netty/netty-common/4.1.92.Final/netty-common-4.1.92.Final.jar:/home/neonnex/.m2/repository/io/netty/netty-transport-classes-epoll/4.1.92.Final/netty-transport-classes-epoll-4.1.92.Final.jar:/home/neonnex/.m2/repository/io/netty/netty-transport-classes-kqueue/4.1.92.Final/netty-transport-classes-kqueue-4.1.92.Final.jar:/home/neonnex/.m2/repository/io/netty/netty-transport-native-epoll/4.1.92.Final/netty-transport-native-epoll-4.1.92.Final.jar:/home/neonnex/.m2/repository/io/netty/netty-transport-native-kqueue/4.1.92.Final/netty-transport-native-kqueue-4.1.92.Final.jar:/home/neonnex/.m2/repository/io/netty/netty-transport-native-unix-common/4.1.92.Final/netty-transport-native-unix-common-4.1.92.Final.jar:/home/neonnex/.m2/repository/io/netty/netty-transport/4.1.92.Final/netty-transport-4.1.92.Final.jar:/home/neonnex/.m2/repository/io/netty/netty-resolver/4.1.92.Final/netty-resolver-4.1.92.Final.jar:/home/neonnex/.m2/repository/io/opentelemetry/opentelemetry-api/1.26.0/opentelemetry-api-1.26.0.jar:/home/neonnex/.m2/repository/io/opentelemetry/opentelemetry-context/1.26.0/opentelemetry-context-1.26.0.jar:/home/neonnex/.m2/repository/io/opentelemetry/opentelemetry-exporter-logging/1.26.0/opentelemetry-exporter-logging-1.26.0.jar:/home/neonnex/.m2/repository/io/opentelemetry/opentelemetry-sdk-metrics/1.26.0/opentelemetry-sdk-metrics-1.26.0.jar:/home/neonnex/.m2/repository/io/opentelemetry/opentelemetry-extension-incubator/1.26.0-alpha/opentelemetry-extension-incubator-1.26.0-alpha.jar:/home/neonnex/.m2/repository/io/opentelemetry/opentelemetry-sdk-logs/1.26.0-alpha/opentelemetry-sdk-logs-1.26.0-alpha.jar:/home/neonnex/.m2/repository/io/opentelemetry/opentelemetry-api-logs/1.26.0-alpha/opentelemetry-api-logs-1.26.0-alpha.jar:/home/neonnex/.m2/repository/io/opentelemetry/opentelemetry-api-events/1.26.0-alpha/opentelemetry-api-events-1.26.0-alpha.jar:/home/neonnex/.m2/repository/io/opentelemetry/opentelemetry-sdk-common/1.26.0/opentelemetry-sdk-common-1.26.0.jar:/home/neonnex/.m2/repository/io/opentelemetry/opentelemetry-sdk-extension-autoconfigure-spi/1.26.0/opentelemetry-sdk-extension-autoconfigure-spi-1.26.0.jar:/home/neonnex/.m2/repository/io/opentelemetry/opentelemetry-sdk-extension-autoconfigure/1.26.0-alpha/opentelemetry-sdk-extension-autoconfigure-1.26.0-alpha.jar:/home/neonnex/.m2/repository/io/opentelemetry/opentelemetry-sdk-trace/1.26.0/opentelemetry-sdk-trace-1.26.0.jar:/home/neonnex/.m2/repository/io/opentelemetry/opentelemetry-sdk/1.26.0/opentelemetry-sdk-1.26.0.jar:/home/neonnex/.m2/repository/io/opentelemetry/opentelemetry-semconv/1.26.0-alpha/opentelemetry-semconv-1.26.0-alpha.jar:/home/neonnex/.m2/repository/net/bytebuddy/byte-buddy/1.14.4/byte-buddy-1.14.4.jar:/home/neonnex/.m2/repository/org/apache/commons/commons-exec/1.3/commons-exec-1.3.jar:/home/neonnex/.m2/repository/org/asynchttpclient/async-http-client/2.12.3/async-http-client-2.12.3.jar:/home/neonnex/.m2/repository/org/asynchttpclient/async-http-client-netty-utils/2.12.3/async-http-client-netty-utils-2.12.3.jar:/home/neonnex/.m2/repository/io/netty/netty-codec-socks/4.1.60.Final/netty-codec-socks-4.1.60.Final.jar:/home/neonnex/.m2/repository/io/netty/netty-handler-proxy/4.1.60.Final/netty-handler-proxy-4.1.60.Final.jar:/home/neonnex/.m2/repository/io/netty/netty-transport-native-epoll/4.1.60.Final/netty-transport-native-epoll-4.1.60.Final-linux-x86_64.jar:/home/neonnex/.m2/repository/io/netty/netty-transport-native-kqueue/4.1.60.Final/netty-transport-native-kqueue-4.1.60.Final-osx-x86_64.jar:/home/neonnex/.m2/repository/com/typesafe/netty/netty-reactive-streams/2.0.4/netty-reactive-streams-2.0.4.jar:/home/neonnex/.m2/repository/com/sun/activation/jakarta.activation/1.2.2/jakarta.activation-1.2.2.jar:/home/neonnex/.m2/repository/org/seleniumhq/selenium/selenium-safari-driver/4.10.0/selenium-safari-driver-4.10.0.jar:/home/neonnex/.m2/repository/org/seleniumhq/selenium/selenium-support/4.10.0/selenium-support-4.10.0.jar:/home/neonnex/.m2/repository/org/testng/testng/7.7.1/testng-7.7.1.jar:/home/neonnex/.m2/repository/org/slf4j/slf4j-api/1.7.36/slf4j-api-1.7.36.jar:/home/neonnex/.m2/repository/com/beust/jcommander/1.82/jcommander-1.82.jar:/home/neonnex/.m2/repository/org/webjars/jquery/3.6.1/jquery-3.6.1.jar:/home/neonnex/.m2/repository/io/github/bonigarcia/webdrivermanager/5.3.3/webdrivermanager-5.3.3.jar:/home/neonnex/.m2/repository/com/google/code/gson/gson/2.10.1/gson-2.10.1.jar:/home/neonnex/.m2/repository/com/github/docker-java/docker-java/3.3.0/docker-java-3.3.0.jar:/home/neonnex/.m2/repository/com/github/docker-java/docker-java-core/3.3.0/docker-java-core-3.3.0.jar:/home/neonnex/.m2/repository/com/github/docker-java/docker-java-api/3.3.0/docker-java-api-3.3.0.jar:/home/neonnex/.m2/repository/com/fasterxml/jackson/core/jackson-annotations/2.10.3/jackson-annotations-2.10.3.jar:/home/neonnex/.m2/repository/commons-io/commons-io/2.6/commons-io-2.6.jar:/home/neonnex/.m2/repository/org/apache/commons/commons-compress/1.21/commons-compress-1.21.jar:/home/neonnex/.m2/repository/com/fasterxml/jackson/core/jackson-databind/2.10.3/jackson-databind-2.10.3.jar:/home/neonnex/.m2/repository/com/fasterxml/jackson/core/jackson-core/2.10.3/jackson-core-2.10.3.jar:/home/neonnex/.m2/repository/org/bouncycastle/bcpkix-jdk15on/1.64/bcpkix-jdk15on-1.64.jar:/home/neonnex/.m2/repository/org/bouncycastle/bcprov-jdk15on/1.64/bcprov-jdk15on-1.64.jar:/home/neonnex/.m2/repository/org/slf4j/jcl-over-slf4j/1.7.30/jcl-over-slf4j-1.7.30.jar:/home/neonnex/.m2/repository/com/github/docker-java/docker-java-transport-httpclient5/3.3.0/docker-java-transport-httpclient5-3.3.0.jar:/home/neonnex/.m2/repository/com/github/docker-java/docker-java-transport/3.3.0/docker-java-transport-3.3.0.jar:/home/neonnex/.m2/repository/net/java/dev/jna/jna/5.12.1/jna-5.12.1.jar:/home/neonnex/.m2/repository/org/brotli/dec/0.1.2/dec-0.1.2.jar:/home/neonnex/.m2/repository/org/apache/commons/commons-lang3/3.12.0/commons-lang3-3.12.0.jar:/home/neonnex/.m2/repository/org/apache/httpcomponents/client5/httpclient5/5.2.1/httpclient5-5.2.1.jar:/home/neonnex/.m2/repository/org/apache/httpcomponents/core5/httpcore5/5.2/httpcore5-5.2.jar:/home/neonnex/.m2/repository/org/apache/httpcomponents/core5/httpcore5-h2/5.2/httpcore5-h2-5.2.jar:/home/neonnex/.m2/repository/com/aventstack/extentreports/5.0.9/extentreports-5.0.9.jar:/home/neonnex/.m2/repository/io/reactivex/rxjava3/rxjava/3.0.4/rxjava-3.0.4.jar:/home/neonnex/.m2/repository/org/reactivestreams/reactive-streams/1.0.3/reactive-streams-1.0.3.jar:/home/neonnex/.m2/repository/org/freemarker/freemarker/2.3.30/freemarker-2.3.30.jar:/home/neonnex/.m2/repository/org/projectlombok/lombok/1.18.12/lombok-1.18.12.jar:/home/neonnex/.m2/repository/org/apache/logging/log4j/log4j-api/2.20.0/log4j-api-2.20.0.jar:/home/neonnex/.m2/repository/org/apache/logging/log4j/log4j-core/2.20.0/log4j-core-2.20.0.jar:"/>
    <property name="java.vm.vendor" value="Arch Linux"/>
    <property name="sun.arch.data.model" value="64"/>
    <property name="java.vendor.url" value="https://openjdk.java.net/"/>
    <property name="user.timezone" value="Asia/Jakarta"/>
    <property name="java.vm.specification.version" value="11"/>
    <property name="os.name" value="Linux"/>
    <property name="sun.java.launcher" value="SUN_STANDARD"/>
    <property name="user.country" value="US"/>
    <property name="sun.boot.library.path" value="/usr/lib/jvm/java-11-openjdk/lib"/>
    <property name="sun.java.command" value="/home/neonnex/dev/kuliah/sem6/mk/kpl/selenium/dicoding2-trueAll/target/surefire/surefirebooter-20250518020046367_3.jar /home/neonnex/dev/kuliah/sem6/mk/kpl/selenium/dicoding2-trueAll/target/surefire 2025-05-18T02-00-46_310-jvmRun1 surefire-20250518020046367_1tmp surefire_0-20250518020046367_2tmp"/>
    <property name="jdk.debug" value="release"/>
    <property name="surefire.test.class.path" value="/home/neonnex/dev/kuliah/sem6/mk/kpl/selenium/dicoding2-trueAll/target/test-classes:/home/neonnex/dev/kuliah/sem6/mk/kpl/selenium/dicoding2-trueAll/target/classes:/home/neonnex/.m2/repository/org/seleniumhq/selenium/selenium-java/4.10.0/selenium-java-4.10.0.jar:/home/neonnex/.m2/repository/org/seleniumhq/selenium/selenium-api/4.10.0/selenium-api-4.10.0.jar:/home/neonnex/.m2/repository/org/seleniumhq/selenium/selenium-chrome-driver/4.10.0/selenium-chrome-driver-4.10.0.jar:/home/neonnex/.m2/repository/com/google/auto/service/auto-service-annotations/1.0.1/auto-service-annotations-1.0.1.jar:/home/neonnex/.m2/repository/com/google/auto/service/auto-service/1.0.1/auto-service-1.0.1.jar:/home/neonnex/.m2/repository/com/google/auto/auto-common/1.2/auto-common-1.2.jar:/home/neonnex/.m2/repository/com/google/guava/guava/31.1-jre/guava-31.1-jre.jar:/home/neonnex/.m2/repository/com/google/guava/failureaccess/1.0.1/failureaccess-1.0.1.jar:/home/neonnex/.m2/repository/com/google/guava/listenablefuture/9999.0-empty-to-avoid-conflict-with-guava/listenablefuture-9999.0-empty-to-avoid-conflict-with-guava.jar:/home/neonnex/.m2/repository/com/google/code/findbugs/jsr305/3.0.2/jsr305-3.0.2.jar:/home/neonnex/.m2/repository/org/checkerframework/checker-qual/3.12.0/checker-qual-3.12.0.jar:/home/neonnex/.m2/repository/com/google/errorprone/error_prone_annotations/2.11.0/error_prone_annotations-2.11.0.jar:/home/neonnex/.m2/repository/com/google/j2objc/j2objc-annotations/1.3/j2objc-annotations-1.3.jar:/home/neonnex/.m2/repository/org/seleniumhq/selenium/selenium-chromium-driver/4.10.0/selenium-chromium-driver-4.10.0.jar:/home/neonnex/.m2/repository/org/seleniumhq/selenium/selenium-json/4.10.0/selenium-json-4.10.0.jar:/home/neonnex/.m2/repository/org/seleniumhq/selenium/selenium-manager/4.10.0/selenium-manager-4.10.0.jar:/home/neonnex/.m2/repository/org/seleniumhq/selenium/selenium-devtools-v112/4.10.0/selenium-devtools-v112-4.10.0.jar:/home/neonnex/.m2/repository/org/seleniumhq/selenium/selenium-devtools-v113/4.10.0/selenium-devtools-v113-4.10.0.jar:/home/neonnex/.m2/repository/org/seleniumhq/selenium/selenium-devtools-v114/4.10.0/selenium-devtools-v114-4.10.0.jar:/home/neonnex/.m2/repository/org/seleniumhq/selenium/selenium-devtools-v85/4.10.0/selenium-devtools-v85-4.10.0.jar:/home/neonnex/.m2/repository/org/seleniumhq/selenium/selenium-edge-driver/4.10.0/selenium-edge-driver-4.10.0.jar:/home/neonnex/.m2/repository/org/seleniumhq/selenium/selenium-firefox-driver/4.10.0/selenium-firefox-driver-4.10.0.jar:/home/neonnex/.m2/repository/org/seleniumhq/selenium/selenium-http/4.10.0/selenium-http-4.10.0.jar:/home/neonnex/.m2/repository/dev/failsafe/failsafe/3.3.1/failsafe-3.3.1.jar:/home/neonnex/.m2/repository/org/seleniumhq/selenium/selenium-ie-driver/4.10.0/selenium-ie-driver-4.10.0.jar:/home/neonnex/.m2/repository/org/seleniumhq/selenium/selenium-remote-driver/4.10.0/selenium-remote-driver-4.10.0.jar:/home/neonnex/.m2/repository/io/netty/netty-buffer/4.1.92.Final/netty-buffer-4.1.92.Final.jar:/home/neonnex/.m2/repository/io/netty/netty-codec-http/4.1.92.Final/netty-codec-http-4.1.92.Final.jar:/home/neonnex/.m2/repository/io/netty/netty-codec/4.1.92.Final/netty-codec-4.1.92.Final.jar:/home/neonnex/.m2/repository/io/netty/netty-handler/4.1.92.Final/netty-handler-4.1.92.Final.jar:/home/neonnex/.m2/repository/io/netty/netty-common/4.1.92.Final/netty-common-4.1.92.Final.jar:/home/neonnex/.m2/repository/io/netty/netty-transport-classes-epoll/4.1.92.Final/netty-transport-classes-epoll-4.1.92.Final.jar:/home/neonnex/.m2/repository/io/netty/netty-transport-classes-kqueue/4.1.92.Final/netty-transport-classes-kqueue-4.1.92.Final.jar:/home/neonnex/.m2/repository/io/netty/netty-transport-native-epoll/4.1.92.Final/netty-transport-native-epoll-4.1.92.Final.jar:/home/neonnex/.m2/repository/io/netty/netty-transport-native-kqueue/4.1.92.Final/netty-transport-native-kqueue-4.1.92.Final.jar:/home/neonnex/.m2/repository/io/netty/netty-transport-native-unix-common/4.1.92.Final/netty-transport-native-unix-common-4.1.92.Final.jar:/home/neonnex/.m2/repository/io/netty/netty-transport/4.1.92.Final/netty-transport-4.1.92.Final.jar:/home/neonnex/.m2/repository/io/netty/netty-resolver/4.1.92.Final/netty-resolver-4.1.92.Final.jar:/home/neonnex/.m2/repository/io/opentelemetry/opentelemetry-api/1.26.0/opentelemetry-api-1.26.0.jar:/home/neonnex/.m2/repository/io/opentelemetry/opentelemetry-context/1.26.0/opentelemetry-context-1.26.0.jar:/home/neonnex/.m2/repository/io/opentelemetry/opentelemetry-exporter-logging/1.26.0/opentelemetry-exporter-logging-1.26.0.jar:/home/neonnex/.m2/repository/io/opentelemetry/opentelemetry-sdk-metrics/1.26.0/opentelemetry-sdk-metrics-1.26.0.jar:/home/neonnex/.m2/repository/io/opentelemetry/opentelemetry-extension-incubator/1.26.0-alpha/opentelemetry-extension-incubator-1.26.0-alpha.jar:/home/neonnex/.m2/repository/io/opentelemetry/opentelemetry-sdk-logs/1.26.0-alpha/opentelemetry-sdk-logs-1.26.0-alpha.jar:/home/neonnex/.m2/repository/io/opentelemetry/opentelemetry-api-logs/1.26.0-alpha/opentelemetry-api-logs-1.26.0-alpha.jar:/home/neonnex/.m2/repository/io/opentelemetry/opentelemetry-api-events/1.26.0-alpha/opentelemetry-api-events-1.26.0-alpha.jar:/home/neonnex/.m2/repository/io/opentelemetry/opentelemetry-sdk-common/1.26.0/opentelemetry-sdk-common-1.26.0.jar:/home/neonnex/.m2/repository/io/opentelemetry/opentelemetry-sdk-extension-autoconfigure-spi/1.26.0/opentelemetry-sdk-extension-autoconfigure-spi-1.26.0.jar:/home/neonnex/.m2/repository/io/opentelemetry/opentelemetry-sdk-extension-autoconfigure/1.26.0-alpha/opentelemetry-sdk-extension-autoconfigure-1.26.0-alpha.jar:/home/neonnex/.m2/repository/io/opentelemetry/opentelemetry-sdk-trace/1.26.0/opentelemetry-sdk-trace-1.26.0.jar:/home/neonnex/.m2/repository/io/opentelemetry/opentelemetry-sdk/1.26.0/opentelemetry-sdk-1.26.0.jar:/home/neonnex/.m2/repository/io/opentelemetry/opentelemetry-semconv/1.26.0-alpha/opentelemetry-semconv-1.26.0-alpha.jar:/home/neonnex/.m2/repository/net/bytebuddy/byte-buddy/1.14.4/byte-buddy-1.14.4.jar:/home/neonnex/.m2/repository/org/apache/commons/commons-exec/1.3/commons-exec-1.3.jar:/home/neonnex/.m2/repository/org/asynchttpclient/async-http-client/2.12.3/async-http-client-2.12.3.jar:/home/neonnex/.m2/repository/org/asynchttpclient/async-http-client-netty-utils/2.12.3/async-http-client-netty-utils-2.12.3.jar:/home/neonnex/.m2/repository/io/netty/netty-codec-socks/4.1.60.Final/netty-codec-socks-4.1.60.Final.jar:/home/neonnex/.m2/repository/io/netty/netty-handler-proxy/4.1.60.Final/netty-handler-proxy-4.1.60.Final.jar:/home/neonnex/.m2/repository/io/netty/netty-transport-native-epoll/4.1.60.Final/netty-transport-native-epoll-4.1.60.Final-linux-x86_64.jar:/home/neonnex/.m2/repository/io/netty/netty-transport-native-kqueue/4.1.60.Final/netty-transport-native-kqueue-4.1.60.Final-osx-x86_64.jar:/home/neonnex/.m2/repository/com/typesafe/netty/netty-reactive-streams/2.0.4/netty-reactive-streams-2.0.4.jar:/home/neonnex/.m2/repository/com/sun/activation/jakarta.activation/1.2.2/jakarta.activation-1.2.2.jar:/home/neonnex/.m2/repository/org/seleniumhq/selenium/selenium-safari-driver/4.10.0/selenium-safari-driver-4.10.0.jar:/home/neonnex/.m2/repository/org/seleniumhq/selenium/selenium-support/4.10.0/selenium-support-4.10.0.jar:/home/neonnex/.m2/repository/org/testng/testng/7.7.1/testng-7.7.1.jar:/home/neonnex/.m2/repository/org/slf4j/slf4j-api/1.7.36/slf4j-api-1.7.36.jar:/home/neonnex/.m2/repository/com/beust/jcommander/1.82/jcommander-1.82.jar:/home/neonnex/.m2/repository/org/webjars/jquery/3.6.1/jquery-3.6.1.jar:/home/neonnex/.m2/repository/io/github/bonigarcia/webdrivermanager/5.3.3/webdrivermanager-5.3.3.jar:/home/neonnex/.m2/repository/com/google/code/gson/gson/2.10.1/gson-2.10.1.jar:/home/neonnex/.m2/repository/com/github/docker-java/docker-java/3.3.0/docker-java-3.3.0.jar:/home/neonnex/.m2/repository/com/github/docker-java/docker-java-core/3.3.0/docker-java-core-3.3.0.jar:/home/neonnex/.m2/repository/com/github/docker-java/docker-java-api/3.3.0/docker-java-api-3.3.0.jar:/home/neonnex/.m2/repository/com/fasterxml/jackson/core/jackson-annotations/2.10.3/jackson-annotations-2.10.3.jar:/home/neonnex/.m2/repository/commons-io/commons-io/2.6/commons-io-2.6.jar:/home/neonnex/.m2/repository/org/apache/commons/commons-compress/1.21/commons-compress-1.21.jar:/home/neonnex/.m2/repository/com/fasterxml/jackson/core/jackson-databind/2.10.3/jackson-databind-2.10.3.jar:/home/neonnex/.m2/repository/com/fasterxml/jackson/core/jackson-core/2.10.3/jackson-core-2.10.3.jar:/home/neonnex/.m2/repository/org/bouncycastle/bcpkix-jdk15on/1.64/bcpkix-jdk15on-1.64.jar:/home/neonnex/.m2/repository/org/bouncycastle/bcprov-jdk15on/1.64/bcprov-jdk15on-1.64.jar:/home/neonnex/.m2/repository/org/slf4j/jcl-over-slf4j/1.7.30/jcl-over-slf4j-1.7.30.jar:/home/neonnex/.m2/repository/com/github/docker-java/docker-java-transport-httpclient5/3.3.0/docker-java-transport-httpclient5-3.3.0.jar:/home/neonnex/.m2/repository/com/github/docker-java/docker-java-transport/3.3.0/docker-java-transport-3.3.0.jar:/home/neonnex/.m2/repository/net/java/dev/jna/jna/5.12.1/jna-5.12.1.jar:/home/neonnex/.m2/repository/org/brotli/dec/0.1.2/dec-0.1.2.jar:/home/neonnex/.m2/repository/org/apache/commons/commons-lang3/3.12.0/commons-lang3-3.12.0.jar:/home/neonnex/.m2/repository/org/apache/httpcomponents/client5/httpclient5/5.2.1/httpclient5-5.2.1.jar:/home/neonnex/.m2/repository/org/apache/httpcomponents/core5/httpcore5/5.2/httpcore5-5.2.jar:/home/neonnex/.m2/repository/org/apache/httpcomponents/core5/httpcore5-h2/5.2/httpcore5-h2-5.2.jar:/home/neonnex/.m2/repository/com/aventstack/extentreports/5.0.9/extentreports-5.0.9.jar:/home/neonnex/.m2/repository/io/reactivex/rxjava3/rxjava/3.0.4/rxjava-3.0.4.jar:/home/neonnex/.m2/repository/org/reactivestreams/reactive-streams/1.0.3/reactive-streams-1.0.3.jar:/home/neonnex/.m2/repository/org/freemarker/freemarker/2.3.30/freemarker-2.3.30.jar:/home/neonnex/.m2/repository/org/projectlombok/lombok/1.18.12/lombok-1.18.12.jar:/home/neonnex/.m2/repository/org/apache/logging/log4j/log4j-api/2.20.0/log4j-api-2.20.0.jar:/home/neonnex/.m2/repository/org/apache/logging/log4j/log4j-core/2.20.0/log4j-core-2.20.0.jar:"/>
    <property name="sun.cpu.endian" value="little"/>
    <property name="user.home" value="/home/neonnex"/>
    <property name="user.language" value="en"/>
    <property name="java.specification.vendor" value="Oracle Corporation"/>
    <property name="java.version.date" value="2025-01-21"/>
    <property name="java.home" value="/usr/lib/jvm/java-11-openjdk"/>
    <property name="file.separator" value="/"/>
    <property name="basedir" value="/home/neonnex/dev/kuliah/sem6/mk/kpl/selenium/dicoding2-trueAll"/>
    <property name="java.vm.compressedOopsMode" value="Zero based"/>
    <property name="line.separator" value="&#10;"/>
    <property name="java.specification.name" value="Java Platform API Specification"/>
    <property name="java.vm.specification.vendor" value="Oracle Corporation"/>
    <property name="java.awt.graphicsenv" value="sun.awt.X11GraphicsEnvironment"/>
    <property name="surefire.real.class.path" value="/home/neonnex/dev/kuliah/sem6/mk/kpl/selenium/dicoding2-trueAll/target/surefire/surefirebooter-20250518020046367_3.jar"/>
    <property name="sun.management.compiler" value="HotSpot 64-Bit Tiered Compilers"/>
    <property name="java.runtime.version" value="11.0.26+4"/>
    <property name="user.name" value="neonnex"/>
    <property name="path.separator" value=":"/>
    <property name="os.version" value="6.13.7-arch1-1"/>
    <property name="java.runtime.name" value="OpenJDK Runtime Environment"/>
    <property name="file.encoding" value="UTF-8"/>
    <property name="java.vm.name" value="OpenJDK 64-Bit Server VM"/>
    <property name="localRepository" value="/home/neonnex/.m2/repository"/>
    <property name="java.vendor.url.bug" value="https://bugreport.java.com/bugreport/"/>
    <property name="java.io.tmpdir" value="/tmp"/>
    <property name="java.version" value="11.0.26"/>
    <property name="user.dir" value="/home/neonnex/dev/kuliah/sem6/mk/kpl/selenium/dicoding2-trueAll"/>
    <property name="os.arch" value="amd64"/>
    <property name="webdriver.gecko.driver" value="/home/neonnex/.cache/selenium/geckodriver/linux64/0.36.0/geckodriver"/>
    <property name="java.vm.specification.name" value="Java Virtual Machine Specification"/>
    <property name="java.awt.printerjob" value="sun.print.PSPrinterJob"/>
    <property name="sun.os.patch.level" value="unknown"/>
    <property name="java.library.path" value="/opt/cuda/lib64::/usr/java/packages/lib:/usr/lib64:/lib64:/lib:/usr/lib"/>
    <property name="java.vm.info" value="mixed mode"/>
    <property name="java.vendor" value="Arch Linux"/>
    <property name="java.vm.version" value="11.0.26+4"/>
    <property name="java.specification.maintenance.version" value="3"/>
    <property name="sun.io.unicode.encoding" value="UnicodeLittle"/>
    <property name="java.class.version" value="55.0"/>
  </properties>
  <testcase name="testHomePageLoaded" classname="com.dicoding.test.tests.HomePageTest" time="0.082">
    <system-out><![CDATA[02:00:47.336 [main] INFO  com.dicoding.test.base.BaseTest - Test suite setup selesai
02:00:47.370 [main] INFO  com.dicoding.test.base.BaseTest - Memulai setup WebDriver
02:00:58.861 [main] INFO  com.dicoding.test.base.BaseTest - Browser Firefox dibuka dengan URL: https://www.dicoding.com
02:00:58.868 [main] INFO  com.dicoding.test.pages.HomePage - Halaman utama Dicoding diinisialisasi
02:00:58.930 [main] INFO  com.dicoding.test.pages.BasePage - Mendapatkan judul halaman: Dicoding Indonesia - Bangun Karirmu Sebagai Developer ProfesionalDicoding Indonesia
02:00:58.930 [main] INFO  com.dicoding.test.pages.HomePage - Verifikasi halaman utama dimuat: true
02:00:58.930 [main] INFO  com.dicoding.test.pages.HomePage - Logo ditampilkan: true
02:00:58.930 [main] INFO  com.dicoding.test.pages.HomePage - Judul halaman mengandung 'Dicoding Indonesia': true
02:00:58.938 [main] INFO  com.dicoding.test.pages.BasePage - Mendapatkan judul halaman: Dicoding Indonesia - Bangun Karirmu Sebagai Developer ProfesionalDicoding Indonesia
02:00:58.942 [main] INFO  com.dicoding.test.pages.BasePage - Mendapatkan URL saat ini: https://www.dicoding.com/
02:00:58.942 [main] INFO  com.dicoding.test.base.BaseTest - Test halaman utama berhasil
]]></system-out>
    <system-err><![CDATA[SLF4J: Failed to load class "org.slf4j.impl.StaticLoggerBinder".
SLF4J: Defaulting to no-operation (NOP) logger implementation
SLF4J: See http://www.slf4j.org/codes.html#StaticLoggerBinder for further details.
May 18, 2025 2:00:47 AM org.openqa.selenium.remote.service.DriverService$Builder getLogOutput
INFO: Driver logs no longer sent to console by default; https://www.selenium.dev/documentation/webdriver/drivers/service/#setting-log-output
]]></system-err>
  </testcase>
  <testcase name="testNavigateToLogin" classname="com.dicoding.test.tests.HomePageTest" time="0.416">
    <system-out><![CDATA[02:00:58.945 [main] INFO  com.dicoding.test.base.BaseTest - Test berhasil: testHomePageLoaded
02:01:01.565 [main] INFO  com.dicoding.test.base.BaseTest - Browser ditutup
02:01:01.566 [main] INFO  com.dicoding.test.base.BaseTest - Memulai setup WebDriver
02:01:12.651 [main] INFO  com.dicoding.test.base.BaseTest - Browser Firefox dibuka dengan URL: https://www.dicoding.com
02:01:12.653 [main] INFO  com.dicoding.test.pages.HomePage - Halaman utama Dicoding diinisialisasi
02:01:12.713 [main] INFO  com.dicoding.test.pages.BasePage - Mendapatkan judul halaman: Dicoding Indonesia - Bangun Karirmu Sebagai Developer ProfesionalDicoding Indonesia
02:01:12.713 [main] INFO  com.dicoding.test.pages.HomePage - Verifikasi halaman utama dimuat: true
02:01:12.714 [main] INFO  com.dicoding.test.pages.HomePage - Logo ditampilkan: true
02:01:12.714 [main] INFO  com.dicoding.test.pages.HomePage - Judul halaman mengandung 'Dicoding Indonesia': true
02:01:12.714 [main] INFO  com.dicoding.test.pages.HomePage - Mengklik tombol login
02:01:13.005 [main] INFO  com.dicoding.test.pages.BasePage - Mengklik elemen: By.xpath: //a[text()='Masuk']
02:01:13.005 [main] INFO  com.dicoding.test.pages.LoginPage - Modal login Dicoding diinisialisasi
02:01:13.068 [main] INFO  com.dicoding.test.pages.LoginPage - Verifikasi modal login dimuat: true
02:01:13.068 [main] INFO  com.dicoding.test.base.BaseTest - Test navigasi ke modal login berhasil
]]></system-out>
    <system-err><![CDATA[May 18, 2025 2:01:01 AM org.openqa.selenium.remote.service.DriverService$Builder getLogOutput
INFO: Driver logs no longer sent to console by default; https://www.selenium.dev/documentation/webdriver/drivers/service/#setting-log-output
]]></system-err>
  </testcase>
  <testcase name="testLoginFormValidation" classname="com.dicoding.test.tests.LoginTest" time="1.032">
    <system-out><![CDATA[02:01:13.069 [main] INFO  com.dicoding.test.base.BaseTest - Test berhasil: testNavigateToLogin
02:01:15.894 [main] INFO  com.dicoding.test.base.BaseTest - Browser ditutup
02:01:15.896 [main] INFO  com.dicoding.test.base.BaseTest - Memulai setup WebDriver
02:01:26.285 [main] INFO  com.dicoding.test.base.BaseTest - Browser Firefox dibuka dengan URL: https://www.dicoding.com
02:01:26.286 [main] INFO  com.dicoding.test.pages.HomePage - Halaman utama Dicoding diinisialisasi
02:01:26.287 [main] INFO  com.dicoding.test.pages.HomePage - Mengklik tombol login
02:01:26.600 [main] INFO  com.dicoding.test.pages.BasePage - Mengklik elemen: By.xpath: //a[text()='Masuk']
02:01:26.600 [main] INFO  com.dicoding.test.pages.LoginPage - Modal login Dicoding diinisialisasi
02:01:26.661 [main] INFO  com.dicoding.test.pages.LoginPage - Verifikasi modal login dimuat: true
02:01:26.662 [main] INFO  com.dicoding.test.pages.LoginPage - Mengklik tombol login
02:01:26.914 [main] INFO  com.dicoding.test.pages.BasePage - Mengklik elemen: By.xpath: //button[text()='Masuk']
02:01:26.964 [main] INFO  com.dicoding.test.pages.LoginPage - Verifikasi modal login dimuat: true
02:01:26.964 [main] INFO  com.dicoding.test.pages.LoginPage - Mengisi email: test@example.com
02:01:27.003 [main] INFO  com.dicoding.test.pages.BasePage - Mengisi teks pada elemen: By.cssSelector: input[placeholder='Email'] dengan nilai: test@example.com
02:01:27.004 [main] INFO  com.dicoding.test.pages.LoginPage - Mengklik tombol login
02:01:27.274 [main] INFO  com.dicoding.test.pages.BasePage - Mengklik elemen: By.xpath: //button[text()='Masuk']
02:01:27.317 [main] INFO  com.dicoding.test.pages.LoginPage - Verifikasi modal login dimuat: true
02:01:27.318 [main] INFO  com.dicoding.test.base.BaseTest - Test validasi form login berhasil
]]></system-out>
    <system-err><![CDATA[May 18, 2025 2:01:15 AM org.openqa.selenium.remote.service.DriverService$Builder getLogOutput
INFO: Driver logs no longer sent to console by default; https://www.selenium.dev/documentation/webdriver/drivers/service/#setting-log-output
]]></system-err>
  </testcase>
  <testcase name="testLoginPageDisplay" classname="com.dicoding.test.tests.LoginTest" time="0.471">
    <system-out><![CDATA[02:01:27.318 [main] INFO  com.dicoding.test.base.BaseTest - Test berhasil: testLoginFormValidation
02:01:29.931 [main] INFO  com.dicoding.test.base.BaseTest - Browser ditutup
02:01:29.932 [main] INFO  com.dicoding.test.base.BaseTest - Memulai setup WebDriver
02:01:40.663 [main] INFO  com.dicoding.test.base.BaseTest - Browser Firefox dibuka dengan URL: https://www.dicoding.com
02:01:40.664 [main] INFO  com.dicoding.test.pages.HomePage - Halaman utama Dicoding diinisialisasi
02:01:40.665 [main] INFO  com.dicoding.test.pages.HomePage - Mengklik tombol login
02:01:41.013 [main] INFO  com.dicoding.test.pages.BasePage - Mengklik elemen: By.xpath: //a[text()='Masuk']
02:01:41.014 [main] INFO  com.dicoding.test.pages.LoginPage - Modal login Dicoding diinisialisasi
02:01:41.130 [main] INFO  com.dicoding.test.pages.LoginPage - Verifikasi modal login dimuat: true
02:01:41.133 [main] INFO  com.dicoding.test.pages.BasePage - Mendapatkan judul halaman: Dicoding Indonesia - Bangun Karirmu Sebagai Developer ProfesionalDicoding Indonesia
02:01:41.134 [main] INFO  com.dicoding.test.base.BaseTest - Test tampilan modal login berhasil
]]></system-out>
    <system-err><![CDATA[May 18, 2025 2:01:29 AM org.openqa.selenium.remote.service.DriverService$Builder getLogOutput
INFO: Driver logs no longer sent to console by default; https://www.selenium.dev/documentation/webdriver/drivers/service/#setting-log-output
]]></system-err>
  </testcase>
  <testcase name="testLoginWithInvalidCredentials" classname="com.dicoding.test.tests.LoginTest" time="0.764">
    <system-out><![CDATA[02:01:41.135 [main] INFO  com.dicoding.test.base.BaseTest - Test berhasil: testLoginPageDisplay
02:01:43.465 [main] INFO  com.dicoding.test.base.BaseTest - Browser ditutup
02:01:43.465 [main] INFO  com.dicoding.test.base.BaseTest - Memulai setup WebDriver
02:01:55.078 [main] INFO  com.dicoding.test.base.BaseTest - Browser Firefox dibuka dengan URL: https://www.dicoding.com
02:01:55.080 [main] INFO  com.dicoding.test.pages.HomePage - Halaman utama Dicoding diinisialisasi
02:01:55.080 [main] INFO  com.dicoding.test.pages.HomePage - Mengklik tombol login
02:01:55.387 [main] INFO  com.dicoding.test.pages.BasePage - Mengklik elemen: By.xpath: //a[text()='Masuk']
02:01:55.387 [main] INFO  com.dicoding.test.pages.LoginPage - Modal login Dicoding diinisialisasi
02:01:55.447 [main] INFO  com.dicoding.test.pages.LoginPage - Verifikasi modal login dimuat: true
02:01:55.449 [main] INFO  com.dicoding.test.pages.LoginPage - Melakukan login dengan email: test@example.com
02:01:55.449 [main] INFO  com.dicoding.test.pages.LoginPage - Mengisi email: test@example.com
02:01:55.502 [main] INFO  com.dicoding.test.pages.BasePage - Mengisi teks pada elemen: By.cssSelector: input[placeholder='Email'] dengan nilai: test@example.com
02:01:55.502 [main] INFO  com.dicoding.test.pages.LoginPage - Mengisi password
02:01:55.558 [main] INFO  com.dicoding.test.pages.BasePage - Mengisi teks pada elemen: By.cssSelector: input[placeholder='Password'] dengan nilai: password123
02:01:55.558 [main] INFO  com.dicoding.test.pages.LoginPage - Mengklik tombol login
02:01:55.840 [main] INFO  com.dicoding.test.pages.BasePage - Mengklik elemen: By.xpath: //button[text()='Masuk']
02:01:55.843 [main] INFO  com.dicoding.test.base.BaseTest - Test login dengan kredensial tidak valid berhasil
]]></system-out>
    <system-err><![CDATA[May 18, 2025 2:01:43 AM org.openqa.selenium.remote.service.DriverService$Builder getLogOutput
INFO: Driver logs no longer sent to console by default; https://www.selenium.dev/documentation/webdriver/drivers/service/#setting-log-output
]]></system-err>
  </testcase>
  <testcase name="testRememberMeFeature" classname="com.dicoding.test.tests.LoginTest" time="0.686">
    <system-out><![CDATA[02:01:55.844 [main] INFO  com.dicoding.test.base.BaseTest - Test berhasil: testLoginWithInvalidCredentials
02:01:57.554 [main] INFO  com.dicoding.test.base.BaseTest - Browser ditutup
02:01:57.555 [main] INFO  com.dicoding.test.base.BaseTest - Memulai setup WebDriver
02:02:08.614 [main] INFO  com.dicoding.test.base.BaseTest - Browser Firefox dibuka dengan URL: https://www.dicoding.com
02:02:08.615 [main] INFO  com.dicoding.test.pages.HomePage - Halaman utama Dicoding diinisialisasi
02:02:08.615 [main] INFO  com.dicoding.test.pages.HomePage - Mengklik tombol login
02:02:08.933 [main] INFO  com.dicoding.test.pages.BasePage - Mengklik elemen: By.xpath: //a[text()='Masuk']
02:02:08.933 [main] INFO  com.dicoding.test.pages.LoginPage - Modal login Dicoding diinisialisasi
02:02:09.006 [main] INFO  com.dicoding.test.pages.LoginPage - Verifikasi modal login dimuat: true
02:02:09.006 [main] INFO  com.dicoding.test.pages.LoginPage - Mengklik checkbox Remember me
02:02:09.299 [main] INFO  com.dicoding.test.pages.BasePage - Mengklik elemen: By.xpath: //label[text()='Remember me']
02:02:09.300 [main] INFO  com.dicoding.test.base.BaseTest - Test fitur Remember Me berhasil
]]></system-out>
    <system-err><![CDATA[May 18, 2025 2:01:57 AM org.openqa.selenium.remote.service.DriverService$Builder getLogOutput
INFO: Driver logs no longer sent to console by default; https://www.selenium.dev/documentation/webdriver/drivers/service/#setting-log-output
]]></system-err>
  </testcase>
  <testcase name="testNavigateBackToHomePage" classname="com.dicoding.test.tests.SearchTest" time="1.788">
    <system-out><![CDATA[02:02:09.301 [main] INFO  com.dicoding.test.base.BaseTest - Test berhasil: testRememberMeFeature
02:02:11.646 [main] INFO  com.dicoding.test.base.BaseTest - Browser ditutup
02:02:11.649 [main] INFO  com.dicoding.test.base.BaseTest - Memulai setup WebDriver
02:02:22.309 [main] INFO  com.dicoding.test.base.BaseTest - Browser Firefox dibuka dengan URL: https://www.dicoding.com
02:02:22.310 [main] INFO  com.dicoding.test.pages.HomePage - Halaman utama Dicoding diinisialisasi
02:02:22.365 [main] INFO  com.dicoding.test.pages.BasePage - Mendapatkan judul halaman: Dicoding Indonesia - Bangun Karirmu Sebagai Developer ProfesionalDicoding Indonesia
02:02:22.365 [main] INFO  com.dicoding.test.pages.HomePage - Verifikasi halaman utama dimuat: true
02:02:22.365 [main] INFO  com.dicoding.test.pages.HomePage - Logo ditampilkan: true
02:02:22.366 [main] INFO  com.dicoding.test.pages.HomePage - Judul halaman mengandung 'Dicoding Indonesia': true
02:02:22.366 [main] INFO  com.dicoding.test.pages.HomePage - Melakukan pencarian dengan kata kunci: Android
02:02:22.428 [main] INFO  com.dicoding.test.pages.BasePage - Mengisi teks pada elemen: By.cssSelector: input[placeholder='Apa yang ingin Anda pelajari?'] dengan nilai: Android
02:02:22.483 [main] INFO  com.dicoding.test.pages.SearchResultPage - Halaman hasil pencarian Dicoding diinisialisasi
02:02:22.506 [main] INFO  com.dicoding.test.pages.BasePage - Mendapatkan URL saat ini: https://www.dicoding.com/
02:02:22.507 [main] INFO  com.dicoding.test.pages.SearchResultPage - Verifikasi halaman hasil pencarian dimuat: true
02:02:22.507 [main] INFO  com.dicoding.test.pages.SearchResultPage - Kembali ke halaman utama
02:02:24.065 [main] INFO  com.dicoding.test.pages.BasePage - Mengklik elemen: By.xpath: //a/img[@alt='Dicoding Indonesia'] | //img[contains(@alt, 'Dicoding')]
02:02:24.065 [main] INFO  com.dicoding.test.pages.HomePage - Halaman utama Dicoding diinisialisasi
02:02:24.097 [main] INFO  com.dicoding.test.pages.BasePage - Mendapatkan judul halaman: Dicoding Indonesia - Bangun Karirmu Sebagai Developer ProfesionalDicoding Indonesia
02:02:24.097 [main] INFO  com.dicoding.test.pages.HomePage - Verifikasi halaman utama dimuat: true
02:02:24.097 [main] INFO  com.dicoding.test.pages.HomePage - Logo ditampilkan: true
02:02:24.097 [main] INFO  com.dicoding.test.pages.HomePage - Judul halaman mengandung 'Dicoding Indonesia': true
02:02:24.097 [main] INFO  com.dicoding.test.base.BaseTest - Test navigasi kembali ke halaman utama berhasil
]]></system-out>
    <system-err><![CDATA[May 18, 2025 2:02:11 AM org.openqa.selenium.remote.service.DriverService$Builder getLogOutput
INFO: Driver logs no longer sent to console by default; https://www.selenium.dev/documentation/webdriver/drivers/service/#setting-log-output
]]></system-err>
  </testcase>
  <testcase name="testSearchWithInvalidKeyword" classname="com.dicoding.test.tests.SearchTest" time="10.477">
    <system-out><![CDATA[02:02:24.098 [main] INFO  com.dicoding.test.base.BaseTest - Test berhasil: testNavigateBackToHomePage
02:02:26.692 [main] INFO  com.dicoding.test.base.BaseTest - Browser ditutup
02:02:26.693 [main] INFO  com.dicoding.test.base.BaseTest - Memulai setup WebDriver
02:02:37.254 [main] INFO  com.dicoding.test.base.BaseTest - Browser Firefox dibuka dengan URL: https://www.dicoding.com
02:02:37.255 [main] INFO  com.dicoding.test.pages.HomePage - Halaman utama Dicoding diinisialisasi
02:02:37.308 [main] INFO  com.dicoding.test.pages.BasePage - Mendapatkan judul halaman: Dicoding Indonesia - Bangun Karirmu Sebagai Developer ProfesionalDicoding Indonesia
02:02:37.308 [main] INFO  com.dicoding.test.pages.HomePage - Verifikasi halaman utama dimuat: true
02:02:37.308 [main] INFO  com.dicoding.test.pages.HomePage - Logo ditampilkan: true
02:02:37.309 [main] INFO  com.dicoding.test.pages.HomePage - Judul halaman mengandung 'Dicoding Indonesia': true
02:02:37.309 [main] INFO  com.dicoding.test.pages.HomePage - Melakukan pencarian dengan kata kunci: xyzabcdefghijklmnopqrstuvwxyz123456789
02:02:37.396 [main] INFO  com.dicoding.test.pages.BasePage - Mengisi teks pada elemen: By.cssSelector: input[placeholder='Apa yang ingin Anda pelajari?'] dengan nilai: xyzabcdefghijklmnopqrstuvwxyz123456789
02:02:37.455 [main] INFO  com.dicoding.test.pages.SearchResultPage - Halaman hasil pencarian Dicoding diinisialisasi
02:02:37.492 [main] INFO  com.dicoding.test.pages.BasePage - Mendapatkan URL saat ini: https://www.dicoding.com/
02:02:37.492 [main] INFO  com.dicoding.test.pages.SearchResultPage - Verifikasi halaman hasil pencarian dimuat: true
02:02:47.697 [main] INFO  com.dicoding.test.pages.SearchResultPage - Verifikasi halaman 404 ditampilkan: true
02:02:47.730 [main] INFO  com.dicoding.test.pages.BasePage - Mendapatkan teks dari elemen: By.xpath: //*[contains(text(), 'Sudah aku cari')] | //*[contains(text(), 'tidak ditemukan')] dengan nilai: Kelas tidak ditemukan
02:02:47.731 [main] INFO  com.dicoding.test.base.BaseTest - Test pencarian dengan kata kunci tidak valid berhasil
]]></system-out>
    <system-err><![CDATA[May 18, 2025 2:02:26 AM org.openqa.selenium.remote.service.DriverService$Builder getLogOutput
INFO: Driver logs no longer sent to console by default; https://www.selenium.dev/documentation/webdriver/drivers/service/#setting-log-output
]]></system-err>
  </testcase>
</testsuite>