<?xml version="1.0" encoding="UTF-8"?>
<!-- Generated by org.testng.reporters.JUnitReportReporter -->
<testsuite hostname="neonnex" failures="0" tests="2" name="com.dicoding.test.tests.SearchTest" time="36.793" errors="0" timestamp="2025-05-18T02:02:48 WIB" skipped="0">
  <testcase classname="com.dicoding.test.tests.SearchTest" name="testNavigateBackToHomePage" time="15.043"/>
  <system-out/>
  <testcase classname="com.dicoding.test.tests.SearchTest" name="testSearchWithInvalidKeyword" time="21.750"/>
  <system-out/>
</testsuite> <!-- com.dicoding.test.tests.SearchTest -->
