<?xml version="1.0" encoding="UTF-8"?>
<!-- Generated by org.testng.reporters.JUnitReportReporter -->
<testsuite hostname="neonnex" failures="0" tests="4" name="com.dicoding.test.tests.LoginTest" time="55.750" errors="0" timestamp="2025-05-18T02:02:48 WIB" skipped="0">
  <testcase classname="com.dicoding.test.tests.LoginTest" name="testRememberMeFeature" time="14.010"/>
  <system-out/>
  <testcase classname="com.dicoding.test.tests.LoginTest" name="testLoginFormValidation" time="13.769"/>
  <system-out/>
  <testcase classname="com.dicoding.test.tests.LoginTest" name="testLoginWithInvalidCredentials" time="14.110"/>
  <system-out/>
  <testcase classname="com.dicoding.test.tests.LoginTest" name="testLoginPageDisplay" time="13.861"/>
  <system-out/>
</testsuite> <!-- com.dicoding.test.tests.LoginTest -->
