<?xml version="1.0" encoding="UTF-8"?>
<!-- Generated by org.testng.reporters.JUnitReportReporter -->
<testsuite hostname="neonnex" failures="0" tests="2" name="com.dicoding.test.tests.HomePageTest" time="28.522" errors="0" timestamp="2025-05-18T02:02:48 WIB" skipped="0">
  <testcase classname="com.dicoding.test.tests.HomePageTest" name="testNavigateToLogin" time="14.329"/>
  <system-out/>
  <testcase classname="com.dicoding.test.tests.HomePageTest" name="testHomePageLoaded" time="14.193"/>
  <system-out/>
</testsuite> <!-- com.dicoding.test.tests.HomePageTest -->
